# JRE version: OpenJDK Runtime Environment (21.0.3) (build 21.0.3+-12282718-b509.11)
# Java VM: OpenJDK 64-Bit Server VM (21.0.3+-12282718-b509.11, mixed mode, tiered, compressed oops, compressed class ptrs, g1 gc, windows-amd64)
GC Precious Log:
 CardTable entry size: 512
 Card Set container configuration: InlinePtr #cards 5 size 8 Array Of Cards #cards 12 size 40 Howl #buckets 4 coarsen threshold 1843 Howl Bitmap #cards 512 size 80 coarsen threshold 460 Card regions per heap region 1 cards per card region 2048
 CPUs: 8 total, 8 available
 Memory: 8006M
 Large Page Support: Disabled
 NUMA Support: Disabled
 Compressed Oops: Enabled (32-bit)
 Heap Region Size: 1M
 Heap Min Capacity: 256M
 Heap Initial Capacity: 256M
 Heap Max Capacity: 512M
 Pre-touch: Disabled
 Parallel Workers: 8
 Concurrent Workers: 2
 Concurrent Refinement Workers: 8
 Periodic GC: Disabled
Heap:
 garbage-first heap   total 262144K, used 76601K [0x00000000e0000000, 0x0000000100000000)
  region size 1024K, 36 young (36864K), 11 survivors (11264K)
 Metaspace       used 76446K, committed 78016K, reserved 458752K
  class space    used 10156K, committed 10944K, reserved 327680K
GC Heap History (20 events):
Event: 2.587 GC heap before
{Heap before GC invocations=1 (full 0):
 garbage-first heap   total 262144K, used 39860K [0x00000000e0000000, 0x0000000100000000)
  region size 1024K, 33 young (33792K), 3 survivors (3072K)
 Metaspace       used 12046K, committed 12288K, reserved 393216K
  class space    used 1280K, committed 1408K, reserved 327680K
}
Event: 2.594 GC heap after
{Heap after GC invocations=2 (full 0):
 garbage-first heap   total 262144K, used 12043K [0x00000000e0000000, 0x0000000100000000)
  region size 1024K, 2 young (2048K), 2 survivors (2048K)
 Metaspace       used 12046K, committed 12288K, reserved 393216K
  class space    used 1280K, committed 1408K, reserved 327680K
}
Event: 5.172 GC heap before
{Heap before GC invocations=2 (full 0):
 garbage-first heap   total 262144K, used 79627K [0x00000000e0000000, 0x0000000100000000)
  region size 1024K, 67 young (68608K), 2 survivors (2048K)
 Metaspace       used 21152K, committed 21504K, reserved 393216K
  class space    used 2457K, committed 2624K, reserved 327680K
}
Event: 5.183 GC heap after
{Heap after GC invocations=3 (full 0):
 garbage-first heap   total 262144K, used 20727K [0x00000000e0000000, 0x0000000100000000)
  region size 1024K, 9 young (9216K), 9 survivors (9216K)
 Metaspace       used 21152K, committed 21504K, reserved 393216K
  class space    used 2457K, committed 2624K, reserved 327680K
}
Event: 7.790 GC heap before
{Heap before GC invocations=4 (full 0):
 garbage-first heap   total 262144K, used 111863K [0x00000000e0000000, 0x0000000100000000)
  region size 1024K, 100 young (102400K), 9 survivors (9216K)
 Metaspace       used 35244K, committed 36096K, reserved 393216K
  class space    used 4758K, committed 5120K, reserved 327680K
}
Event: 7.808 GC heap after
{Heap after GC invocations=5 (full 0):
 garbage-first heap   total 262144K, used 26386K [0x00000000e0000000, 0x0000000100000000)
  region size 1024K, 15 young (15360K), 15 survivors (15360K)
 Metaspace       used 35244K, committed 36096K, reserved 393216K
  class space    used 4758K, committed 5120K, reserved 327680K
}
Event: 7.881 GC heap before
{Heap before GC invocations=5 (full 0):
 garbage-first heap   total 262144K, used 29458K [0x00000000e0000000, 0x0000000100000000)
  region size 1024K, 19 young (19456K), 15 survivors (15360K)
 Metaspace       used 35562K, committed 36416K, reserved 393216K
  class space    used 4824K, committed 5248K, reserved 327680K
}
Event: 7.899 GC heap after
{Heap after GC invocations=6 (full 0):
 garbage-first heap   total 262144K, used 27011K [0x00000000e0000000, 0x0000000100000000)
  region size 1024K, 6 young (6144K), 6 survivors (6144K)
 Metaspace       used 35562K, committed 36416K, reserved 393216K
  class space    used 4824K, committed 5248K, reserved 327680K
}
Event: 7.949 GC heap before
{Heap before GC invocations=6 (full 0):
 garbage-first heap   total 262144K, used 30083K [0x00000000e0000000, 0x0000000100000000)
  region size 1024K, 10 young (10240K), 6 survivors (6144K)
 Metaspace       used 35865K, committed 36736K, reserved 393216K
  class space    used 4885K, committed 5312K, reserved 327680K
}
Event: 7.957 GC heap after
{Heap after GC invocations=7 (full 0):
 garbage-first heap   total 262144K, used 26981K [0x00000000e0000000, 0x0000000100000000)
  region size 1024K, 6 young (6144K), 6 survivors (6144K)
 Metaspace       used 35865K, committed 36736K, reserved 393216K
  class space    used 4885K, committed 5312K, reserved 327680K
}
Event: 11.795 GC heap before
{Heap before GC invocations=8 (full 0):
 garbage-first heap   total 262144K, used 176485K [0x00000000e0000000, 0x0000000100000000)
  region size 1024K, 153 young (156672K), 6 survivors (6144K)
 Metaspace       used 54108K, committed 55296K, reserved 393216K
  class space    used 7357K, committed 7936K, reserved 327680K
}
Event: 11.834 GC heap after
{Heap after GC invocations=9 (full 0):
 garbage-first heap   total 262144K, used 38009K [0x00000000e0000000, 0x0000000100000000)
  region size 1024K, 17 young (17408K), 17 survivors (17408K)
 Metaspace       used 54108K, committed 55296K, reserved 393216K
  class space    used 7357K, committed 7936K, reserved 327680K
}
Event: 13.246 GC heap before
{Heap before GC invocations=9 (full 0):
 garbage-first heap   total 262144K, used 98425K [0x00000000e0000000, 0x0000000100000000)
  region size 1024K, 71 young (72704K), 17 survivors (17408K)
 Metaspace       used 60275K, committed 61568K, reserved 393216K
  class space    used 8120K, committed 8768K, reserved 327680K
}
Event: 13.270 GC heap after
{Heap after GC invocations=10 (full 0):
 garbage-first heap   total 262144K, used 41947K [0x00000000e0000000, 0x0000000100000000)
  region size 1024K, 5 young (5120K), 5 survivors (5120K)
 Metaspace       used 60275K, committed 61568K, reserved 393216K
  class space    used 8120K, committed 8768K, reserved 327680K
}
Event: 13.437 GC heap before
{Heap before GC invocations=10 (full 0):
 garbage-first heap   total 262144K, used 52187K [0x00000000e0000000, 0x0000000100000000)
  region size 1024K, 17 young (17408K), 5 survivors (5120K)
 Metaspace       used 60531K, committed 61888K, reserved 393216K
  class space    used 8149K, committed 8832K, reserved 327680K
}
Event: 13.444 GC heap after
{Heap after GC invocations=11 (full 0):
 garbage-first heap   total 262144K, used 41979K [0x00000000e0000000, 0x0000000100000000)
  region size 1024K, 5 young (5120K), 5 survivors (5120K)
 Metaspace       used 60531K, committed 61888K, reserved 393216K
  class space    used 8149K, committed 8832K, reserved 327680K
}
Event: 57.347 GC heap before
{Heap before GC invocations=12 (full 0):
 garbage-first heap   total 262144K, used 192507K [0x00000000e0000000, 0x0000000100000000)
  region size 1024K, 153 young (156672K), 5 survivors (5120K)
 Metaspace       used 76204K, committed 77760K, reserved 458752K
  class space    used 10152K, committed 10880K, reserved 327680K
}
Event: 57.367 GC heap after
{Heap after GC invocations=13 (full 0):
 garbage-first heap   total 262144K, used 52224K [0x00000000e0000000, 0x0000000100000000)
  region size 1024K, 15 young (15360K), 15 survivors (15360K)
 Metaspace       used 76204K, committed 77760K, reserved 458752K
  class space    used 10152K, committed 10880K, reserved 327680K
}
Event: 221.977 GC heap before
{Heap before GC invocations=13 (full 0):
 garbage-first heap   total 262144K, used 193536K [0x00000000e0000000, 0x0000000100000000)
  region size 1024K, 153 young (156672K), 15 survivors (15360K)
 Metaspace       used 76444K, committed 78016K, reserved 458752K
  class space    used 10156K, committed 10944K, reserved 327680K
}
Event: 222.003 GC heap after
{Heap after GC invocations=14 (full 0):
 garbage-first heap   total 262144K, used 52025K [0x00000000e0000000, 0x0000000100000000)
  region size 1024K, 11 young (11264K), 11 survivors (11264K)
 Metaspace       used 76444K, committed 78016K, reserved 458752K
  class space    used 10156K, committed 10944K, reserved 327680K
}

